Using pre-set license
Built from '2020.3/staging' branch; Version is '2020.3.29f1 (2ff179115da0) revision 3142009'; Using compiler version '192528614'; Build Type 'Release'
OS: 'Windows 10  (10.0.19045) 64bit Core' Language: 'pt' Physical Memory: 14291 MB
BatchMode: 1, IsHumanControllingUs: 0, StartBugReporterOnCrash: 0, Is64bit: 1, IsPro: 0

COMMAND LINE ARGUMENTS:
C:\Program Files\Unity\Hub\Editor\2020.3.29f1\Editor\Unity.exe
-adb2
-batchMode
-noUpm
-name
AssetImportWorker0
-projectPath
E:/documentos/Unity/EBAC/3dGame/3dGame
-logFile
Logs/AssetImportWorker0.log
-srvPort
50494
Successfully changed project path to: E:/documentos/Unity/EBAC/3dGame/3dGame
E:/documentos/Unity/EBAC/3dGame/3dGame
Using Asset Import Pipeline V2.
Refreshing native plugins compatible for Editor in 1.60 ms, found 0 plugins.
Preloading 0 native plugins for Editor in 0.00 ms.
Initialize engine version: 2020.3.29f1 (2ff179115da0)
[Subsystems] Discovering subsystems at path C:/Program Files/Unity/Hub/Editor/2020.3.29f1/Editor/Data/Resources/UnitySubsystems
[Subsystems] Discovering subsystems at path E:/documentos/Unity/EBAC/3dGame/3dGame/Assets
GfxDevice: creating device client; threaded=0
Direct3D:
    Version:  Direct3D 11.0 [level 11.1]
    Renderer: AMD Radeon(TM) RX Vega 10 Graphics (ID=0x15dd)
    Vendor:   
    VRAM:     7145 MB
    Driver:   31.0.12027.9001
Initialize mono
Mono path[0] = 'C:/Program Files/Unity/Hub/Editor/2020.3.29f1/Editor/Data/Managed'
Mono path[1] = 'C:/Program Files/Unity/Hub/Editor/2020.3.29f1/Editor/Data/MonoBleedingEdge/lib/mono/unityjit'
Mono config path = 'C:/Program Files/Unity/Hub/Editor/2020.3.29f1/Editor/Data/MonoBleedingEdge/etc'
Using monoOptions --debugger-agent=transport=dt_socket,embedding=1,server=y,suspend=n,address=127.0.0.1:56532
Begin MonoManager ReloadAssembly
Registering precompiled unity dll's ...
Register platform support module: C:/Program Files/Unity/Hub/Editor/2020.3.29f1/Editor/Data/PlaybackEngines/WindowsStandaloneSupport/UnityEditor.WindowsStandalone.Extensions.dll
Registered in 0.003874 seconds.
Native extension for WindowsStandalone target not found
Refreshing native plugins compatible for Editor in 1.36 ms, found 0 plugins.
Preloading 0 native plugins for Editor in 0.00 ms.
Mono: successfully reloaded assembly
- Completed reload, in  0.819 seconds
Domain Reload Profiling:
	ReloadAssembly (819ms)
		BeginReloadAssembly (98ms)
			ExecutionOrderSort (0ms)
			DisableScriptedObjects (0ms)
			BackupInstance (0ms)
			ReleaseScriptingObjects (0ms)
			CreateAndSetChildDomain (1ms)
		EndReloadAssembly (599ms)
			LoadAssemblies (93ms)
			RebuildTransferFunctionScriptingTraits (0ms)
			SetupTypeCache (217ms)
			ReleaseScriptCaches (0ms)
			RebuildScriptCaches (37ms)
			SetupLoadedEditorAssemblies (193ms)
				LogAssemblyErrors (0ms)
				InitializePlatformSupportModulesInManaged (7ms)
				SetLoadedEditorAssemblies (0ms)
				RefreshPlugins (1ms)
				BeforeProcessingInitializeOnLoad (21ms)
				ProcessInitializeOnLoadAttributes (119ms)
				ProcessInitializeOnLoadMethodAttributes (44ms)
				AfterProcessingInitializeOnLoad (0ms)
				EditorAssembliesLoaded (0ms)
			ExecutionOrderSort2 (0ms)
			AwakeInstancesAfterBackupRestoration (0ms)
Platform modules already initialized, skipping
Registering precompiled user dll's ...
Registered in 0.000032 seconds.
Begin MonoManager ReloadAssembly
Native extension for WindowsStandalone target not found
Refreshing native plugins compatible for Editor in 0.03 ms, found 0 plugins.
Preloading 0 native plugins for Editor in 0.00 ms.
Mono: successfully reloaded assembly
- Completed reload, in  1.063 seconds
Domain Reload Profiling:
	ReloadAssembly (1063ms)
		BeginReloadAssembly (214ms)
			ExecutionOrderSort (0ms)
			DisableScriptedObjects (7ms)
			BackupInstance (0ms)
			ReleaseScriptingObjects (0ms)
			CreateAndSetChildDomain (29ms)
		EndReloadAssembly (745ms)
			LoadAssemblies (79ms)
			RebuildTransferFunctionScriptingTraits (0ms)
			SetupTypeCache (210ms)
			ReleaseScriptCaches (0ms)
			RebuildScriptCaches (46ms)
			SetupLoadedEditorAssemblies (279ms)
				LogAssemblyErrors (0ms)
				InitializePlatformSupportModulesInManaged (7ms)
				SetLoadedEditorAssemblies (1ms)
				RefreshPlugins (0ms)
				BeforeProcessingInitializeOnLoad (119ms)
				ProcessInitializeOnLoadAttributes (129ms)
				ProcessInitializeOnLoadMethodAttributes (8ms)
				AfterProcessingInitializeOnLoad (15ms)
				EditorAssembliesLoaded (0ms)
			ExecutionOrderSort2 (0ms)
			AwakeInstancesAfterBackupRestoration (11ms)
Platform modules already initialized, skipping
========================================================================
Worker process is ready to serve import requests
Launched and connected shader compiler UnityShaderCompiler.exe after 0.08 seconds
Refreshing native plugins compatible for Editor in 0.03 ms, found 0 plugins.
Preloading 0 native plugins for Editor in 0.00 ms.
Unloading 6 Unused Serialized files (Serialized files now loaded: 0)
System memory in use before: 24.3 MB.
System memory in use after: 24.3 MB.

Unloading 2 unused Assets to reduce memory usage. Loaded Objects now: 445.
Total: 2.545900 ms (FindLiveObjects: 0.038300 ms CreateObjectMapping: 0.003800 ms MarkObjects: 2.428200 ms  DeleteObjects: 0.074600 ms)

AssetImportParameters requested are different than current active one (requested -> active):
  custom:framework-win-MediaFoundation: 216162199b28c13a410421893ffa2e32 -> 
  custom:video-decoder-ogg-theora: a1e56fd34408186e4bbccfd4996cb3dc -> 
  custom:container-muxer-webm: aa71ff27fc2769a1b78a27578f13a17b -> 
  custom:container-demuxer-webm: 4f35f7cbe854078d1ac9338744f61a02 -> 
  custom:container-demuxer-ogg: 62fdf1f143b41e24485cea50d1cbac27 -> 
  custom:video-encoder-webm-vp8: eb34c28f22e8b96e1ab97ce403110664 -> 
  custom:video-decoder-webm-vp8: 9c59270c3fd7afecdb556c50c9e8de78 -> 
  custom:audio-decoder-ogg-vorbis: bf7c407c2cedff20999df2af8eb42d56 -> 
  custom:audio-encoder-webm-vorbis: bf7c407c2cedff20999df2af8eb42d56 -> 
========================================================================
Received Import Request.
  path: Assets/Art/2D/Astronaut/Prefab/PFB_Astronaut.prefab
  artifactKey: Guid(00afc9fb4087652419d090da0b825d97) Importer(815301076,1909f56bfc062723c751e8b465ee728b)
Start importing Assets/Art/2D/Astronaut/Prefab/PFB_Astronaut.prefab using Guid(00afc9fb4087652419d090da0b825d97) Importer(815301076,1909f56bfc062723c751e8b465ee728b)  -> (artifact id: '5e48cccd44dac8bed83e4a47a7a70241') in 0.188856 seconds 
  Import took 0.190942 seconds .

========================================================================
Received Import Request.
  Time since last request: 14.950275 seconds.
  path: Assets/Scenes/SampleScene.unity
  artifactKey: Guid(9fc0d4010bbf28b4594072e72b8655ab) Importer(815301076,1909f56bfc062723c751e8b465ee728b)
Start importing Assets/Scenes/SampleScene.unity using Guid(9fc0d4010bbf28b4594072e72b8655ab) Importer(815301076,1909f56bfc062723c751e8b465ee728b)  -> (artifact id: '85059f4f9e1a832ed95adaa0d25c5c4c') in 0.013619 seconds 
  Import took 0.014511 seconds .

========================================================================
Received Import Request.
  Time since last request: 3.023121 seconds.
  path: Assets/Scenes/SCN_Art_2D.unity
  artifactKey: Guid(e7de4d0c773ef144eb0e886dfebf0c6d) Importer(815301076,1909f56bfc062723c751e8b465ee728b)
Start importing Assets/Scenes/SCN_Art_2D.unity using Guid(e7de4d0c773ef144eb0e886dfebf0c6d) Importer(815301076,1909f56bfc062723c751e8b465ee728b)  -> (artifact id: 'dfd8b1173d34f8c04473551f0d37dc3c') in 0.016590 seconds 
  Import took 0.017394 seconds .

========================================================================
Received Import Request.
  Time since last request: 1.172075 seconds.
  path: Assets/Scenes/SCN_Art_3D.unity
  artifactKey: Guid(10e5957b4b33c0b4e902e650fcc5edce) Importer(815301076,1909f56bfc062723c751e8b465ee728b)
Start importing Assets/Scenes/SCN_Art_3D.unity using Guid(10e5957b4b33c0b4e902e650fcc5edce) Importer(815301076,1909f56bfc062723c751e8b465ee728b)  -> (artifact id: '710df16b029d1fc3637ff558db17af4f') in 0.094344 seconds 
  Import took 0.100125 seconds .

========================================================================
Received Import Request.
  Time since last request: 66.434590 seconds.
  path: Assets/Art/2D/Astronaut/Sprites/SPR_Astronaut_Face.png
  artifactKey: Guid(971dca7ef25ef8e4f8141d14ceb263b8) Importer(815301076,1909f56bfc062723c751e8b465ee728b)
Start importing Assets/Art/2D/Astronaut/Sprites/SPR_Astronaut_Face.png using Guid(971dca7ef25ef8e4f8141d14ceb263b8) Importer(815301076,1909f56bfc062723c751e8b465ee728b)  -> (artifact id: '247f6a949930f9034f6b363373e7d0f9') in 0.089469 seconds 
  Import took 0.090381 seconds .

========================================================================
Received Import Request.
  Time since last request: 7.341015 seconds.
  path: Assets/Art/2D/Enemies/Enemy_1
  artifactKey: Guid(5d140cff34a23f8439c5b71e9fa83a44) Importer(815301076,1909f56bfc062723c751e8b465ee728b)
Start importing Assets/Art/2D/Enemies/Enemy_1 using Guid(5d140cff34a23f8439c5b71e9fa83a44) Importer(815301076,1909f56bfc062723c751e8b465ee728b)  -> (artifact id: '41e45ae3b378d7eabcd91c00739085e5') in 0.086231 seconds 
  Import took 0.087004 seconds .

========================================================================
Received Import Request.
  Time since last request: 0.858199 seconds.
  path: Assets/Art/2D/Enemies/Enemy_1/Prefabs
  artifactKey: Guid(5f1193007cc1df24993bc95e5fd4c970) Importer(815301076,1909f56bfc062723c751e8b465ee728b)
Start importing Assets/Art/2D/Enemies/Enemy_1/Prefabs using Guid(5f1193007cc1df24993bc95e5fd4c970) Importer(815301076,1909f56bfc062723c751e8b465ee728b)  -> (artifact id: '840a59c589a58d34e710d69f663e35fa') in 0.014265 seconds 
  Import took 0.015134 seconds .

========================================================================
Received Import Request.
  Time since last request: 0.623231 seconds.
  path: Assets/Art/2D/Enemies/Enemy_1/Prefabs/PFB_Enemy_1.prefab
  artifactKey: Guid(3de838754c767a446a5473969062a84e) Importer(815301076,1909f56bfc062723c751e8b465ee728b)
Start importing Assets/Art/2D/Enemies/Enemy_1/Prefabs/PFB_Enemy_1.prefab using Guid(3de838754c767a446a5473969062a84e) Importer(815301076,1909f56bfc062723c751e8b465ee728b)  -> (artifact id: '7a64ee3e308d0c03761cd7309b25e65c') in 0.019590 seconds 
  Import took 0.020789 seconds .

AssetImportWorkerClient::OnTransportError - code=2 error=End of file
